<?xml version="1.0" encoding="UTF-8"?>
<testng-results skipped="0" failed="0" total="1" passed="1">
  <reporter-output>
  </reporter-output>
  <suite name="XXX" duration-ms="605" started-at="2018-02-19T02:12:48Z" finished-at="2018-02-19T02:12:49Z">
    <groups>
    </groups>
    <test name="xxx" duration-ms="605" started-at="2018-02-19T02:12:48Z" finished-at="2018-02-19T02:12:49Z">
      <class name="com.ningmengban.phoenix.interfaces.RegisterInterface">
        <test-method status="PASS" signature="test1()[pri:0, instance:com.ningmengban.phoenix.interfaces.RegisterInterface@5ae9a829]" name="test1" duration-ms="595" started-at="2018-02-19T10:12:48Z" finished-at="2018-02-19T10:12:49Z">
          <reporter-output>
          </reporter-output>
        </test-method> <!-- test1 -->
      </class> <!-- com.ningmengban.phoenix.interfaces.RegisterInterface -->
    </test> <!-- xxx -->
  </suite> <!-- XXX -->
</testng-results>
