<?xml version="1.0" encoding="UTF-8"?>
<testng-results skipped="0" failed="0" total="6" passed="6">
  <reporter-output>
  </reporter-output>
  <suite name="XXX" duration-ms="1327" started-at="2018-02-21T14:34:40Z" finished-at="2018-02-21T14:34:42Z">
    <groups>
    </groups>
    <test name="xxx" duration-ms="1327" started-at="2018-02-21T14:34:40Z" finished-at="2018-02-21T14:34:42Z">
      <class name="com.songo.phoenix.interfaces.RegisterInterface">
        <test-method status="PASS" signature="test1(java.lang.String, java.lang.String, java.lang.String)[pri:0, instance:com.songo.phoenix.interfaces.RegisterInterface@56f4468b]" name="test1" duration-ms="540" started-at="2018-02-21T22:34:41Z" data-provider="datas" finished-at="2018-02-21T22:34:41Z">
          <params>
            <param index="0">
              <value>
                <![CDATA[1]]>
              </value>
            </param>
            <param index="1">
              <value>
                <![CDATA[1]]>
              </value>
            </param>
            <param index="2">
              <value>
                <![CDATA[{"mobilephone":"13517315121","pwd":"123456","regname":"柠檬班"}]]>
              </value>
            </param>
          </params>
          <reporter-output>
          </reporter-output>
        </test-method> <!-- test1 -->
        <test-method status="PASS" signature="test1(java.lang.String, java.lang.String, java.lang.String)[pri:0, instance:com.songo.phoenix.interfaces.RegisterInterface@56f4468b]" name="test1" duration-ms="46" started-at="2018-02-21T22:34:41Z" data-provider="datas" finished-at="2018-02-21T22:34:41Z">
          <params>
            <param index="0">
              <value>
                <![CDATA[2]]>
              </value>
            </param>
            <param index="1">
              <value>
                <![CDATA[1]]>
              </value>
            </param>
            <param index="2">
              <value>
                <![CDATA[{"mobilephone":"13517315121","pwd":"123456","regname":"柠檬班"}]]>
              </value>
            </param>
          </params>
          <reporter-output>
          </reporter-output>
        </test-method> <!-- test1 -->
        <test-method status="PASS" signature="test1(java.lang.String, java.lang.String, java.lang.String)[pri:0, instance:com.songo.phoenix.interfaces.RegisterInterface@56f4468b]" name="test1" duration-ms="60" started-at="2018-02-21T22:34:41Z" data-provider="datas" finished-at="2018-02-21T22:34:41Z">
          <params>
            <param index="0">
              <value>
                <![CDATA[3]]>
              </value>
            </param>
            <param index="1">
              <value>
                <![CDATA[1]]>
              </value>
            </param>
            <param index="2">
              <value>
                <![CDATA[{"mobilephone":"13517315121","pwd":"","regname":"柠檬班"}]]>
              </value>
            </param>
          </params>
          <reporter-output>
          </reporter-output>
        </test-method> <!-- test1 -->
        <test-method status="PASS" signature="test1(java.lang.String, java.lang.String, java.lang.String)[pri:0, instance:com.songo.phoenix.interfaces.RegisterInterface@56f4468b]" name="test1" duration-ms="32" started-at="2018-02-21T22:34:41Z" data-provider="datas" finished-at="2018-02-21T22:34:41Z">
          <params>
            <param index="0">
              <value>
                <![CDATA[4]]>
              </value>
            </param>
            <param index="1">
              <value>
                <![CDATA[1]]>
              </value>
            </param>
            <param index="2">
              <value>
                <![CDATA[{"mobilephone":"","pwd":"","regname":"柠檬班"}]]>
              </value>
            </param>
          </params>
          <reporter-output>
          </reporter-output>
        </test-method> <!-- test1 -->
        <test-method status="PASS" signature="test1(java.lang.String, java.lang.String, java.lang.String)[pri:0, instance:com.songo.phoenix.interfaces.RegisterInterface@56f4468b]" name="test1" duration-ms="31" started-at="2018-02-21T22:34:41Z" data-provider="datas" finished-at="2018-02-21T22:34:41Z">
          <params>
            <param index="0">
              <value>
                <![CDATA[5]]>
              </value>
            </param>
            <param index="1">
              <value>
                <![CDATA[1]]>
              </value>
            </param>
            <param index="2">
              <value>
                <![CDATA[{"mobilephone":"135","pwd":"123456","regname":"柠檬班"}]]>
              </value>
            </param>
          </params>
          <reporter-output>
          </reporter-output>
        </test-method> <!-- test1 -->
        <test-method status="PASS" signature="test1(java.lang.String, java.lang.String, java.lang.String)[pri:0, instance:com.songo.phoenix.interfaces.RegisterInterface@56f4468b]" name="test1" duration-ms="32" started-at="2018-02-21T22:34:41Z" data-provider="datas" finished-at="2018-02-21T22:34:42Z">
          <params>
            <param index="0">
              <value>
                <![CDATA[6]]>
              </value>
            </param>
            <param index="1">
              <value>
                <![CDATA[1]]>
              </value>
            </param>
            <param index="2">
              <value>
                <![CDATA[{"mobilephone":"13517315121","pwd":"123","regname":"柠檬班"}]]>
              </value>
            </param>
          </params>
          <reporter-output>
          </reporter-output>
        </test-method> <!-- test1 -->
      </class> <!-- com.songo.phoenix.interfaces.RegisterInterface -->
    </test> <!-- xxx -->
  </suite> <!-- XXX -->
</testng-results>
